<?xml version="1.0" encoding="UTF-8"?>
<testsuite xmlns:xsi="http://www.w3.org/2001/XMLSchema-instance" xsi:noNamespaceSchemaLocation="https://maven.apache.org/surefire/maven-surefire-plugin/xsd/surefire-test-report-3.0.xsd" version="3.0" name="com.ShaikZubair.ServiceRegistry.ServiceRegistryApplicationTests" time="2.98" tests="1" errors="0" skipped="0" failures="0">
  <properties>
[...]
</properties>
  <testcase name="contextLoads" classname="com.ShaikZubair.ServiceRegistry.ServiceRegistryApplicationTests" time="0.273">
    <system-out><![CDATA[00:52:16.684 [main] INFO org.springframework.test.context.support.AnnotationConfigContextLoaderUtils -- Could not detect default configuration classes for test class [com.ShaikZubair.ServiceRegistry.ServiceRegistryApplicationTests]: ServiceRegistryApplicationTests does not declare any static, non-private, non-final, nested classes annotated with @Configuration.
00:52:16.758 [main] INFO org.springframework.boot.test.context.SpringBootTestContextBootstrapper -- Found @SpringBootConfiguration com.ShaikZubair.ServiceRegistry.ServiceRegistryApplication for test class com.ShaikZubair.ServiceRegistry.ServiceRegistryApplicationTests

  .   ____          _            __ _ _
 /\\ / ___'_ __ _ _(_)_ __  __ _ \ \ \ \
( ( )\___ | '_ | '_| | '_ \/ _` | \ \ \ \
 \\/  ___)| |_)| | | | | || (_| |  ) ) ) )
  '  |____| .__|_| |_|_| |_\__, | / / / /
 =========|_|==============|___/=/_/_/_/
 :: Spring Boot ::                (v3.1.2)

2023-09-05T00:52:17.090-04:00  INFO 56122 --- [           main] c.S.S.ServiceRegistryApplicationTests    : Starting ServiceRegistryApplicationTests using Java 20.0.1 with PID 56122 (started by shaikzubair in /Users/shaikzubair/Desktop/Microservices/ServiceRegistry)
2023-09-05T00:52:17.091-04:00  INFO 56122 --- [           main] c.S.S.ServiceRegistryApplicationTests    : No active profile set, falling back to 1 default profile: "default"
2023-09-05T00:52:17.776-04:00  INFO 56122 --- [           main] o.s.cloud.context.scope.GenericScope     : BeanFactory id=90b711b5-6f5c-3181-b89f-fd1555d2d02d
2023-09-05T00:52:18.580-04:00  WARN 56122 --- [           main] iguration$LoadBalancerCaffeineWarnLogger : Spring Cloud LoadBalancer is currently working with the default cache. While this cache implementation is useful for development and tests, it's recommended to use Caffeine cache in production.You can switch to using Caffeine cache, by adding it and org.springframework.cache.caffeine.CaffeineCacheManager to the classpath.
2023-09-05T00:52:18.755-04:00  INFO 56122 --- [           main] o.s.c.n.eureka.InstanceInfoFactory       : Setting initial instance status as: STARTING
2023-09-05T00:52:18.772-04:00  INFO 56122 --- [           main] com.netflix.discovery.DiscoveryClient    : Initializing Eureka in region us-east-1
2023-09-05T00:52:18.773-04:00  INFO 56122 --- [           main] com.netflix.discovery.DiscoveryClient    : Client configured to neither register nor query for data.
2023-09-05T00:52:18.780-04:00  INFO 56122 --- [           main] com.netflix.discovery.DiscoveryClient    : Discovery Client initialized at timestamp 1693889538779 with initial instances count: 0
2023-09-05T00:52:18.816-04:00  INFO 56122 --- [           main] c.n.eureka.DefaultEurekaServerContext    : Initializing ...
2023-09-05T00:52:18.820-04:00  INFO 56122 --- [           main] c.n.eureka.cluster.PeerEurekaNodes       : Adding new peer nodes [http://localhost:8761/eureka/]
2023-09-05T00:52:18.950-04:00  INFO 56122 --- [           main] c.n.d.provider.DiscoveryJerseyProvider   : Using JSON encoding codec LegacyJacksonJson
2023-09-05T00:52:18.950-04:00  INFO 56122 --- [           main] c.n.d.provider.DiscoveryJerseyProvider   : Using JSON decoding codec LegacyJacksonJson
2023-09-05T00:52:18.950-04:00  INFO 56122 --- [           main] c.n.d.provider.DiscoveryJerseyProvider   : Using XML encoding codec XStreamXml
2023-09-05T00:52:18.950-04:00  INFO 56122 --- [           main] c.n.d.provider.DiscoveryJerseyProvider   : Using XML decoding codec XStreamXml
2023-09-05T00:52:19.069-04:00  INFO 56122 --- [           main] c.n.eureka.cluster.PeerEurekaNodes       : Replica node URL:  http://localhost:8761/eureka/
2023-09-05T00:52:19.074-04:00  INFO 56122 --- [           main] c.n.e.registry.AbstractInstanceRegistry  : Finished initializing remote region registries. All known remote regions: []
2023-09-05T00:52:19.075-04:00  INFO 56122 --- [           main] c.n.eureka.DefaultEurekaServerContext    : Initialized
2023-09-05T00:52:19.178-04:00  INFO 56122 --- [           main] o.s.b.a.e.web.EndpointLinksResolver      : Exposing 1 endpoint(s) beneath base path '/actuator'
2023-09-05T00:52:19.210-04:00  INFO 56122 --- [           main] o.s.c.n.e.s.EurekaServiceRegistry        : Registering application UNKNOWN with eureka with status UP
2023-09-05T00:52:19.219-04:00  INFO 56122 --- [      Thread-10] o.s.c.n.e.server.EurekaServerBootstrap   : isAws returned false
2023-09-05T00:52:19.219-04:00  INFO 56122 --- [      Thread-10] o.s.c.n.e.server.EurekaServerBootstrap   : Initialized server context
2023-09-05T00:52:19.219-04:00  INFO 56122 --- [      Thread-10] c.n.e.r.PeerAwareInstanceRegistryImpl    : Got 1 instances from neighboring DS node
2023-09-05T00:52:19.219-04:00  INFO 56122 --- [      Thread-10] c.n.e.r.PeerAwareInstanceRegistryImpl    : Renew threshold is: 1
2023-09-05T00:52:19.219-04:00  INFO 56122 --- [      Thread-10] c.n.e.r.PeerAwareInstanceRegistryImpl    : Changing status to UP
2023-09-05T00:52:19.224-04:00  INFO 56122 --- [      Thread-10] e.s.EurekaServerInitializerConfiguration : Started Eureka Server
2023-09-05T00:52:19.235-04:00  INFO 56122 --- [           main] c.S.S.ServiceRegistryApplicationTests    : Started ServiceRegistryApplicationTests in 2.386 seconds (process running for 3.188)
]]></system-out>
  </testcase>
</testsuite>