<?xml version="1.0" encoding="UTF-8"?>
<testsuite xmlns:xsi="http://www.w3.org/2001/XMLSchema-instance" xsi:noNamespaceSchemaLocation="https://maven.apache.org/surefire/maven-surefire-plugin/xsd/surefire-test-report-3.0.xsd" version="3.0" name="com.ShaikZubair.ConfigServer.ConfigServerApplicationTests" time="7.688" tests="1" errors="0" skipped="0" failures="0">
  <properties>
[...]
</properties>
  <testcase name="contextLoads" classname="com.ShaikZubair.ConfigServer.ConfigServerApplicationTests" time="0.3">
    <system-out><![CDATA[10:03:54.252 [main] INFO org.springframework.test.context.support.AnnotationConfigContextLoaderUtils -- Could not detect default configuration classes for test class [com.ShaikZubair.ConfigServer.ConfigServerApplicationTests]: ConfigServerApplicationTests does not declare any static, non-private, non-final, nested classes annotated with @Configuration.
10:03:54.321 [main] INFO org.springframework.boot.test.context.SpringBootTestContextBootstrapper -- Found @SpringBootConfiguration com.ShaikZubair.ConfigServer.ConfigServerApplication for test class com.ShaikZubair.ConfigServer.ConfigServerApplicationTests

  .   ____          _            __ _ _
 /\\ / ___'_ __ _ _(_)_ __  __ _ \ \ \ \
( ( )\___ | '_ | '_| | '_ \/ _` | \ \ \ \
 \\/  ___)| |_)| | | | | || (_| |  ) ) ) )
  '  |____| .__|_| |_|_| |_\__, | / / / /
 =========|_|==============|___/=/_/_/_/
 :: Spring Boot ::                (v3.1.2)

2023-09-02T10:03:54.730-04:00  INFO 24746 --- [           main] c.S.C.ConfigServerApplicationTests       : Starting ConfigServerApplicationTests using Java 20.0.1 with PID 24746 (started by shaikzubair in /Users/shaikzubair/Desktop/Microservices/ConfigServer)
2023-09-02T10:03:54.731-04:00  INFO 24746 --- [           main] c.S.C.ConfigServerApplicationTests       : No active profile set, falling back to 1 default profile: "default"
2023-09-02T10:03:55.392-04:00  INFO 24746 --- [           main] o.s.cloud.context.scope.GenericScope     : BeanFactory id=8c8caeae-fd10-31de-a6c8-e13e48a7d5f3
2023-09-02T10:03:55.939-04:00  INFO 24746 --- [           main] DiscoveryClientOptionalArgsConfiguration : Eureka HTTP Client uses RestTemplate.
2023-09-02T10:04:00.979-04:00  WARN 24746 --- [           main] iguration$LoadBalancerCaffeineWarnLogger : Spring Cloud LoadBalancer is currently working with the default cache. While this cache implementation is useful for development and tests, it's recommended to use Caffeine cache in production.You can switch to using Caffeine cache, by adding it and org.springframework.cache.caffeine.CaffeineCacheManager to the classpath.
2023-09-02T10:04:00.997-04:00  INFO 24746 --- [           main] o.s.c.n.eureka.InstanceInfoFactory       : Setting initial instance status as: STARTING
2023-09-02T10:04:01.084-04:00  INFO 24746 --- [           main] com.netflix.discovery.DiscoveryClient    : Initializing Eureka in region us-east-1
2023-09-02T10:04:01.089-04:00  INFO 24746 --- [           main] c.n.d.s.r.aws.ConfigClusterResolver      : Resolving eureka endpoints via configuration
2023-09-02T10:04:01.105-04:00  INFO 24746 --- [           main] com.netflix.discovery.DiscoveryClient    : Disable delta property : false
2023-09-02T10:04:01.106-04:00  INFO 24746 --- [           main] com.netflix.discovery.DiscoveryClient    : Single vip registry refresh property : null
2023-09-02T10:04:01.106-04:00  INFO 24746 --- [           main] com.netflix.discovery.DiscoveryClient    : Force full registry fetch : false
2023-09-02T10:04:01.106-04:00  INFO 24746 --- [           main] com.netflix.discovery.DiscoveryClient    : Application is null : false
2023-09-02T10:04:01.106-04:00  INFO 24746 --- [           main] com.netflix.discovery.DiscoveryClient    : Registered Applications size is zero : true
2023-09-02T10:04:01.106-04:00  INFO 24746 --- [           main] com.netflix.discovery.DiscoveryClient    : Application version is -1: true
2023-09-02T10:04:01.106-04:00  INFO 24746 --- [           main] com.netflix.discovery.DiscoveryClient    : Getting all instance registry info from the eureka server
2023-09-02T10:04:01.459-04:00  INFO 24746 --- [           main] com.netflix.discovery.DiscoveryClient    : The response status is 200
2023-09-02T10:04:01.461-04:00  INFO 24746 --- [           main] com.netflix.discovery.DiscoveryClient    : Starting heartbeat executor: renew interval is: 30
2023-09-02T10:04:01.462-04:00  INFO 24746 --- [           main] c.n.discovery.InstanceInfoReplicator     : InstanceInfoReplicator onDemand update allowed rate per min is 4
2023-09-02T10:04:01.467-04:00  INFO 24746 --- [           main] com.netflix.discovery.DiscoveryClient    : Discovery Client initialized at timestamp 1693663441466 with initial instances count: 0
2023-09-02T10:04:01.469-04:00  INFO 24746 --- [           main] o.s.c.n.e.s.EurekaServiceRegistry        : Registering application CONFIG-SERVER with eureka with status UP
2023-09-02T10:04:01.469-04:00  INFO 24746 --- [           main] com.netflix.discovery.DiscoveryClient    : Saw local status change event StatusChangeEvent [timestamp=1693663441469, current=UP, previous=STARTING]
2023-09-02T10:04:01.470-04:00  INFO 24746 --- [nfoReplicator-0] com.netflix.discovery.DiscoveryClient    : DiscoveryClient_CONFIG-SERVER/shaiks-air:CONFIG-SERVER:9296: registering service...
2023-09-02T10:04:01.484-04:00  INFO 24746 --- [           main] c.S.C.ConfigServerApplicationTests       : Started ConfigServerApplicationTests in 7.069 seconds (process running for 7.758)
2023-09-02T10:04:01.637-04:00  INFO 24746 --- [nfoReplicator-0] com.netflix.discovery.DiscoveryClient    : DiscoveryClient_CONFIG-SERVER/shaiks-air:CONFIG-SERVER:9296 - registration status: 204
]]></system-out>
  </testcase>
</testsuite>